<?xml version="1.0" encoding="UTF-8"?>
<testng-results skipped="0" failed="0" total="1" passed="1">
  <reporter-output>
  </reporter-output>
  <suite name="Suite" duration-ms="33688" started-at="2021-05-25T03:32:21Z" finished-at="2021-05-25T03:32:54Z">
    <groups>
      <group name="cucumber">
        <method signature="TestNGRunner.feature(cucumber.api.testng.CucumberFeatureWrapper)[pri:0, instance:testRunner.TestNGRunner@6d1014]" name="feature" class="testRunner.TestNGRunner"/>
      </group> <!-- cucumber -->
    </groups>
    <test name="Test" duration-ms="33688" started-at="2021-05-25T03:32:21Z" finished-at="2021-05-25T03:32:54Z">
      <class name="testRunner.TestNGRunner">
        <test-method status="PASS" signature="setUpClass()[pri:0, instance:testRunner.TestNGRunner@6d1014]" name="setUpClass" is-config="true" duration-ms="454" started-at="2021-05-25T09:02:21Z" finished-at="2021-05-25T09:02:21Z">
          <reporter-output>
          </reporter-output>
        </test-method> <!-- setUpClass -->
        <test-method status="PASS" signature="feature(cucumber.api.testng.CucumberFeatureWrapper)[pri:0, instance:testRunner.TestNGRunner@6d1014]" name="feature" duration-ms="32979" started-at="2021-05-25T09:02:21Z" description="Runs Cucumber Feature" data-provider="features" finished-at="2021-05-25T09:02:54Z">
          <params>
            <param index="0">
              <value>
                <![CDATA[Free OrangeHRM Login Feature]]>
              </value>
            </param>
          </params>
          <reporter-output>
          </reporter-output>
        </test-method> <!-- feature -->
        <test-method status="PASS" signature="tearDownClass()[pri:0, instance:testRunner.TestNGRunner@6d1014]" name="tearDownClass" is-config="true" duration-ms="97" started-at="2021-05-25T09:02:54Z" finished-at="2021-05-25T09:02:54Z">
          <reporter-output>
          </reporter-output>
        </test-method> <!-- tearDownClass -->
      </class> <!-- testRunner.TestNGRunner -->
    </test> <!-- Test -->
  </suite> <!-- Suite -->
</testng-results>
